"QUERY PLAN"
"Aggregate  (cost=4744112.33..4744112.34 rows=1 width=40)"
"  ->  GroupAggregate  (cost=4731940.70..4742893.01 rows=81288 width=73)"
"        Group Key: e.patient_id"
"        ->  Gather Merge  (cost=4731940.70..4741673.69 rows=81288 width=65)"
"              Workers Planned: 4"
"              ->  Sort  (cost=4730940.64..4730991.45 rows=20322 width=65)"
"                    Sort Key: e.patient_id"
"                    ->  Nested Loop  (cost=0.57..4729486.53 rows=20322 width=65)"
"                          ->  Parallel Seq Scan on rds_pmg_events_checks_2024 ech  (cost=0.00..3810959.95 rows=407881 width=16)"
"                                Filter: (is_correct AND is_payment AND (packet_number = '34'::text))"
"                          ->  Index Scan using new_rds_pmg_events_2024_pk on rds_pmg_events_2024 e  (cost=0.57..2.25 rows=1 width=81)"
"                                Index Cond: (id = ech.id)"
"                                Filter: ((age_years < 18) AND (EXTRACT(month FROM starts) < '7'::numeric))"
